[0;34mUsing /home/luisreyes/ansible-practice/ansible.cfg as config file[0m

PLAY [Configure DNS, hostname and NTP] *****************************************

TASK [Check if /etc/resolv.conf is a symlink] **********************************
Sunday 10 November 2024  04:11:01 +0800 (0:00:00.472)       0:00:00.473 ******* 
[0;32mok: [redhat-test-02] => changed=false [0m
[0;32m  ansible_facts:[0m
[0;32m    discovered_interpreter_python: /usr/bin/python[0m
[0;32m  stat:[0m
[0;32m    atime: 1731211797.7727711[0m
[0;32m    attr_flags: ''[0m
[0;32m    attributes: [][0m
[0;32m    block_size: 4096[0m
[0;32m    blocks: 8[0m
[0;32m    charset: us-ascii[0m
[0;32m    checksum: e0b783e6599e9003dfa1830d73c1c89cf3a8eab6[0m
[0;32m    ctime: 1731211786.9837704[0m
[0;32m    dev: 2051[0m
[0;32m    device_type: 0[0m
[0;32m    executable: false[0m
[0;32m    exists: true[0m
[0;32m    gid: 0[0m
[0;32m    gr_name: root[0m
[0;32m    inode: 8389099[0m
[0;32m    isblk: false[0m
[0;32m    ischr: false[0m
[0;32m    isdir: false[0m
[0;32m    isfifo: false[0m
[0;32m    isgid: false[0m
[0;32m    islnk: false[0m
[0;32m    isreg: true[0m
[0;32m    issock: false[0m
[0;32m    isuid: false[0m
[0;32m    mimetype: text/plain[0m
[0;32m    mode: '0644'[0m
[0;32m    mtime: 1731211786.9807706[0m
[0;32m    nlink: 1[0m
[0;32m    path: /etc/resolv.conf[0m
[0;32m    pw_name: root[0m
[0;32m    readable: true[0m
[0;32m    rgrp: true[0m
[0;32m    roth: true[0m
[0;32m    rusr: true[0m
[0;32m    size: 92[0m
[0;32m    uid: 0[0m
[0;32m    version: '18446744072670026926'[0m
[0;32m    wgrp: false[0m
[0;32m    woth: false[0m
[0;32m    writeable: true[0m
[0;32m    wusr: true[0m
[0;32m    xgrp: false[0m
[0;32m    xoth: false[0m
[0;32m    xusr: false[0m
[0;32mok: [redhat-test-01] => changed=false [0m
[0;32m  ansible_facts:[0m
[0;32m    discovered_interpreter_python: /usr/bin/python[0m
[0;32m  stat:[0m
[0;32m    atime: 1731211791.809418[0m
[0;32m    attr_flags: ''[0m
[0;32m    attributes: [][0m
[0;32m    block_size: 4096[0m
[0;32m    blocks: 8[0m
[0;32m    charset: us-ascii[0m
[0;32m    checksum: eb43d8eb31f3d83b2dc64c86896e52b4c5687b64[0m
[0;32m    ctime: 1731211769.6564164[0m
[0;32m    dev: 2051[0m
[0;32m    device_type: 0[0m
[0;32m    executable: false[0m
[0;32m    exists: true[0m
[0;32m    gid: 0[0m
[0;32m    gr_name: root[0m
[0;32m    inode: 16777672[0m
[0;32m    isblk: false[0m
[0;32m    ischr: false[0m
[0;32m    isdir: false[0m
[0;32m    isfifo: false[0m
[0;32m    isgid: false[0m
[0;32m    islnk: false[0m
[0;32m    isreg: true[0m
[0;32m    issock: false[0m
[0;32m    isuid: false[0m
[0;32m    mimetype: text/plain[0m
[0;32m    mode: '0644'[0m
[0;32m    mtime: 1731211769.6544166[0m
[0;32m    nlink: 1[0m
[0;32m    path: /etc/resolv.conf[0m
[0;32m    pw_name: root[0m
[0;32m    readable: true[0m
[0;32m    rgrp: true[0m
[0;32m    roth: true[0m
[0;32m    rusr: true[0m
[0;32m    size: 93[0m
[0;32m    uid: 0[0m
[0;32m    version: '818049012'[0m
[0;32m    wgrp: false[0m
[0;32m    woth: false[0m
[0;32m    writeable: true[0m
[0;32m    wusr: true[0m
[0;32m    xgrp: false[0m
[0;32m    xoth: false[0m
[0;32m    xusr: false[0m
[0;32mok: [ubuntu-test-01] => changed=false [0m
[0;32m  ansible_facts:[0m
[0;32m    discovered_interpreter_python: /usr/bin/python3[0m
[0;32m  stat:[0m
[0;32m    atime: 1731183017.7190785[0m
[0;32m    attr_flags: ''[0m
[0;32m    attributes: [][0m
[0;32m    block_size: 4096[0m
[0;32m    blocks: 0[0m
[0;32m    charset: binary[0m
[0;32m    ctime: 1731182992.4076498[0m
[0;32m    dev: 64768[0m
[0;32m    device_type: 0[0m
[0;32m    executable: false[0m
[0;32m    exists: true[0m
[0;32m    gid: 0[0m
[0;32m    gr_name: root[0m
[0;32m    inode: 917510[0m
[0;32m    isblk: false[0m
[0;32m    ischr: false[0m
[0;32m    isdir: false[0m
[0;32m    isfifo: false[0m
[0;32m    isgid: false[0m
[0;32m    islnk: true[0m
[0;32m    isreg: false[0m
[0;32m    issock: false[0m
[0;32m    isuid: false[0m
[0;32m    lnk_source: /run/systemd/resolve/stub-resolv.conf[0m
[0;32m    lnk_target: ../run/systemd/resolve/stub-resolv.conf[0m
[0;32m    mimetype: inode/symlink[0m
[0;32m    mode: '0777'[0m
[0;32m    mtime: 1731182992.4076498[0m
[0;32m    nlink: 1[0m
[0;32m    path: /etc/resolv.conf[0m
[0;32m    pw_name: root[0m
[0;32m    readable: true[0m
[0;32m    rgrp: true[0m
[0;32m    roth: true[0m
[0;32m    rusr: true[0m
[0;32m    size: 39[0m
[0;32m    uid: 0[0m
[0;32m    version: null[0m
[0;32m    wgrp: true[0m
[0;32m    woth: true[0m
[0;32m    writeable: true[0m
[0;32m    wusr: true[0m
[0;32m    xgrp: true[0m
[0;32m    xoth: true[0m
[0;32m    xusr: true[0m

TASK [Remove symlink if it exists] *********************************************
Sunday 10 November 2024  04:11:19 +0800 (0:00:18.262)       0:00:18.736 ******* 
[0;36mskipping: [redhat-test-01] => changed=false [0m
[0;36m  skip_reason: Conditional result was False[0m
[0;36mskipping: [redhat-test-02] => changed=false [0m
[0;36m  skip_reason: Conditional result was False[0m
[0;33mchanged: [ubuntu-test-01] => changed=true [0m
[0;33m  path: /etc/resolv.conf[0m
[0;33m  state: absent[0m

TASK [Backup existing /etc/resolv.conf] ****************************************
Sunday 10 November 2024  04:11:32 +0800 (0:00:13.447)       0:00:32.184 ******* 
[0;33mchanged: [redhat-test-02] => changed=true [0m
[0;33m  checksum: 9f0d9560554c7bbae183542310170cdf1f96f8cf[0m
[0;33m  dest: /etc/resolv.conf.bak[0m
[0;33m  gid: 0[0m
[0;33m  group: root[0m
[0;33m  md5sum: cca55aa8967fe73935e895131f700fdb[0m
[0;33m  mode: '0644'[0m
[0;33m  owner: root[0m
[0;33m  secontext: system_u:object_r:net_conf_t:s0[0m
[0;33m  size: 263[0m
[0;33m  src: /home/testuser/.ansible/tmp/ansible-tmp-1731183094.3341322-1734-182270500480008/source[0m
[0;33m  state: file[0m
[0;33m  uid: 0[0m
[0;33mchanged: [redhat-test-01] => changed=true [0m
[0;33m  checksum: 9f0d9560554c7bbae183542310170cdf1f96f8cf[0m
[0;33m  dest: /etc/resolv.conf.bak[0m
[0;33m  gid: 0[0m
[0;33m  group: root[0m
[0;33m  md5sum: cca55aa8967fe73935e895131f700fdb[0m
[0;33m  mode: '0644'[0m
[0;33m  owner: root[0m
[0;33m  secontext: system_u:object_r:net_conf_t:s0[0m
[0;33m  size: 263[0m
[0;33m  src: /home/luisreyes/.ansible/tmp/ansible-tmp-1731183094.1434407-1732-5154523434864/source[0m
[0;33m  state: file[0m
[0;33m  uid: 0[0m
[0;33mchanged: [ubuntu-test-01] => changed=true [0m
[0;33m  checksum: 9f0d9560554c7bbae183542310170cdf1f96f8cf[0m
[0;33m  dest: /etc/resolv.conf.bak[0m
[0;33m  gid: 0[0m
[0;33m  group: root[0m
[0;33m  md5sum: cca55aa8967fe73935e895131f700fdb[0m
[0;33m  mode: '0644'[0m
[0;33m  owner: root[0m
[0;33m  size: 263[0m
[0;33m  src: /home/luisreyes/.ansible/tmp/ansible-tmp-1731183095.2128365-1731-85666342091366/source[0m
[0;33m  state: file[0m
[0;33m  uid: 0[0m

TASK [Create new /etc/resolv.conf] *********************************************
Sunday 10 November 2024  04:11:58 +0800 (0:00:25.616)       0:00:57.800 ******* 
[0;33mchanged: [redhat-test-02] => changed=true [0m
[0;33m  checksum: b0448bfd6d623b5aa2d92d02b291b1cee04faa54[0m
[0;33m  dest: /etc/resolv.conf[0m
[0;33m  gid: 0[0m
[0;33m  group: root[0m
[0;33m  md5sum: 16a41580d11b51c5f630194977d64f3b[0m
[0;33m  mode: '0644'[0m
[0;33m  owner: root[0m
[0;33m  secontext: system_u:object_r:net_conf_t:s0[0m
[0;33m  size: 106[0m
[0;33m  src: /home/testuser/.ansible/tmp/ansible-tmp-1731183120.0722775-1820-24541057979632/source[0m
[0;33m  state: file[0m
[0;33m  uid: 0[0m
[0;33mchanged: [redhat-test-01] => changed=true [0m
[0;33m  checksum: b0448bfd6d623b5aa2d92d02b291b1cee04faa54[0m
[0;33m  dest: /etc/resolv.conf[0m
[0;33m  gid: 0[0m
[0;33m  group: root[0m
[0;33m  md5sum: 16a41580d11b51c5f630194977d64f3b[0m
[0;33m  mode: '0644'[0m
[0;33m  owner: root[0m
[0;33m  secontext: system_u:object_r:net_conf_t:s0[0m
[0;33m  size: 106[0m
[0;33m  src: /home/luisreyes/.ansible/tmp/ansible-tmp-1731183120.0158994-1817-122971997982513/source[0m
[0;33m  state: file[0m
[0;33m  uid: 0[0m
[0;33mchanged: [ubuntu-test-01] => changed=true [0m
[0;33m  checksum: b0448bfd6d623b5aa2d92d02b291b1cee04faa54[0m
[0;33m  dest: /etc/resolv.conf[0m
[0;33m  gid: 0[0m
[0;33m  group: root[0m
[0;33m  md5sum: 16a41580d11b51c5f630194977d64f3b[0m
[0;33m  mode: '0644'[0m
[0;33m  owner: root[0m
[0;33m  size: 106[0m
[0;33m  src: /home/luisreyes/.ansible/tmp/ansible-tmp-1731183120.9272232-1815-244055993330923/source[0m
[0;33m  state: file[0m
[0;33m  uid: 0[0m

TASK [Check if /etc/NetworkManager/NetworkManager.conf exists] *****************
Sunday 10 November 2024  04:12:25 +0800 (0:00:26.589)       0:01:24.390 ******* 
[0;32mok: [redhat-test-02] => changed=false [0m
[0;32m  stat:[0m
[0;32m    atime: 1731209679.4246323[0m
[0;32m    attr_flags: ''[0m
[0;32m    attributes: [][0m
[0;32m    block_size: 4096[0m
[0;32m    blocks: 8[0m
[0;32m    charset: us-ascii[0m
[0;32m    checksum: 494a533a098e11942f80992272ec6af521b63249[0m
[0;32m    ctime: 1731209662.527631[0m
[0;32m    dev: 2051[0m
[0;32m    device_type: 0[0m
[0;32m    executable: false[0m
[0;32m    exists: true[0m
[0;32m    gid: 0[0m
[0;32m    gr_name: root[0m
[0;32m    inode: 8986603[0m
[0;32m    isblk: false[0m
[0;32m    ischr: false[0m
[0;32m    isdir: false[0m
[0;32m    isfifo: false[0m
[0;32m    isgid: false[0m
[0;32m    islnk: false[0m
[0;32m    isreg: true[0m
[0;32m    issock: false[0m
[0;32m    isuid: false[0m
[0;32m    mimetype: text/plain[0m
[0;32m    mode: '0644'[0m
[0;32m    mtime: 1731209662.5216312[0m
[0;32m    nlink: 1[0m
[0;32m    path: /etc/NetworkManager/NetworkManager.conf[0m
[0;32m    pw_name: root[0m
[0;32m    readable: true[0m
[0;32m    rgrp: true[0m
[0;32m    roth: true[0m
[0;32m    rusr: true[0m
[0;32m    size: 2153[0m
[0;32m    uid: 0[0m
[0;32m    version: '24879945'[0m
[0;32m    wgrp: false[0m
[0;32m    woth: false[0m
[0;32m    writeable: true[0m
[0;32m    wusr: true[0m
[0;32m    xgrp: false[0m
[0;32m    xoth: false[0m
[0;32m    xusr: false[0m
[0;32mok: [redhat-test-01] => changed=false [0m
[0;32m  stat:[0m
[0;32m    atime: 1731185274.8934202[0m
[0;32m    attr_flags: ''[0m
[0;32m    attributes: [][0m
[0;32m    block_size: 4096[0m
[0;32m    blocks: 8[0m
[0;32m    charset: us-ascii[0m
[0;32m    checksum: 494a533a098e11942f80992272ec6af521b63249[0m
[0;32m    ctime: 1731185089.317408[0m
[0;32m    dev: 2051[0m
[0;32m    device_type: 0[0m
[0;32m    executable: false[0m
[0;32m    exists: true[0m
[0;32m    gid: 0[0m
[0;32m    gr_name: root[0m
[0;32m    inode: 16777288[0m
[0;32m    isblk: false[0m
[0;32m    ischr: false[0m
[0;32m    isdir: false[0m
[0;32m    isfifo: false[0m
[0;32m    isgid: false[0m
[0;32m    islnk: false[0m
[0;32m    isreg: true[0m
[0;32m    issock: false[0m
[0;32m    isuid: false[0m
[0;32m    mimetype: text/plain[0m
[0;32m    mode: '0644'[0m
[0;32m    mtime: 1731185089.314408[0m
[0;32m    nlink: 1[0m
[0;32m    path: /etc/NetworkManager/NetworkManager.conf[0m
[0;32m    pw_name: root[0m
[0;32m    readable: true[0m
[0;32m    rgrp: true[0m
[0;32m    roth: true[0m
[0;32m    rusr: true[0m
[0;32m    size: 2153[0m
[0;32m    uid: 0[0m
[0;32m    version: '1788573991'[0m
[0;32m    wgrp: false[0m
[0;32m    woth: false[0m
[0;32m    writeable: true[0m
[0;32m    wusr: true[0m
[0;32m    xgrp: false[0m
[0;32m    xoth: false[0m
[0;32m    xusr: false[0m
[0;32mok: [ubuntu-test-01] => changed=false [0m
[0;32m  stat:[0m
[0;32m    exists: false[0m

TASK [Print message if the file does not exist] ********************************
Sunday 10 November 2024  04:12:39 +0800 (0:00:14.825)       0:01:39.215 ******* 
[0;32mok: [ubuntu-test-01] => [0m
[0;32m  msg: /etc/NetworkManager/NetworkManager.conf Does Not Exist.[0m
[0;36mskipping: [redhat-test-01] => [0m
[0;36mskipping: [redhat-test-02] => [0m

TASK [Add dns=none in NetworkManager.conf] *************************************
Sunday 10 November 2024  04:12:40 +0800 (0:00:00.311)       0:01:39.527 ******* 
[0;36mskipping: [ubuntu-test-01] => changed=false [0m
[0;36m  skip_reason: Conditional result was False[0m
[0;32mok: [redhat-test-01] => changed=false [0m
[0;32m  backup: ''[0m
[0;32m  msg: ''[0m
[0;32mok: [redhat-test-02] => changed=false [0m
[0;32m  backup: ''[0m
[0;32m  msg: ''[0m

TASK [Check if NetworkManager service exists] **********************************
Sunday 10 November 2024  04:12:48 +0800 (0:00:07.994)       0:01:47.521 ******* 
[0;33mchanged: [redhat-test-01] => changed=true [0m
[0;33m  cmd: |-[0m
[0;33m    if command -v systemctl > /dev/null 2>&1; then[0m
[0;33m      systemctl is-enabled NetworkManager[0m
[0;33m    else[0m
[0;33m      service NetworkManager status[0m
[0;33m    fi[0m
[0;33m  delta: '0:00:00.052614'[0m
[0;33m  end: '2024-11-09 20:12:54.046451'[0m
[0;33m  msg: ''[0m
[0;33m  rc: 0[0m
[0;33m  start: '2024-11-09 20:12:53.993837'[0m
[0;33m  stderr: ''[0m
[0;33m  stderr_lines: <omitted>[0m
[0;33m  stdout: enabled[0m
[0;33m  stdout_lines: <omitted>[0m
[0;33mchanged: [redhat-test-02] => changed=true [0m
[0;33m  cmd: |-[0m
[0;33m    if command -v systemctl > /dev/null 2>&1; then[0m
[0;33m      systemctl is-enabled NetworkManager[0m
[0;33m    else[0m
[0;33m      service NetworkManager status[0m
[0;33m    fi[0m
[0;33m  delta: '0:00:00.055145'[0m
[0;33m  end: '2024-11-09 20:12:54.708786'[0m
[0;33m  msg: ''[0m
[0;33m  rc: 0[0m
[0;33m  start: '2024-11-09 20:12:54.653641'[0m
[0;33m  stderr: ''[0m
[0;33m  stderr_lines: <omitted>[0m
[0;33m  stdout: enabled[0m
[0;33m  stdout_lines: <omitted>[0m
[0;31mfatal: [ubuntu-test-01]: FAILED! => changed=true [0m
[0;31m  cmd: |-[0m
[0;31m    if command -v systemctl > /dev/null 2>&1; then[0m
[0;31m      systemctl is-enabled NetworkManager[0m
[0;31m    else[0m
[0;31m      service NetworkManager status[0m
[0;31m    fi[0m
[0;31m  delta: '0:00:00.049751'[0m
[0;31m  end: '2024-11-09 20:12:59.526654'[0m
[0;31m  msg: non-zero return code[0m
[0;31m  rc: 1[0m
[0;31m  start: '2024-11-09 20:12:59.476903'[0m
[0;31m  stderr: 'Failed to get unit file state for NetworkManager.service: No such file or directory'[0m
[0;31m  stderr_lines: <omitted>[0m
[0;31m  stdout: ''[0m
[0;31m  stdout_lines: <omitted>[0m
[0;36m...ignoring[0m

TASK [Print message if NetworkManager service does not exist] ******************
Sunday 10 November 2024  04:13:02 +0800 (0:00:14.329)       0:02:01.851 ******* 
[0;32mok: [ubuntu-test-01] => [0m
[0;32m  msg: NetworkManager service does not exist or cannot be checked.[0m
[0;36mskipping: [redhat-test-01] => [0m
[0;36mskipping: [redhat-test-02] => [0m

TASK [Restart NetworkManager service] ******************************************
Sunday 10 November 2024  04:13:02 +0800 (0:00:00.356)       0:02:02.207 ******* 
[0;36mskipping: [ubuntu-test-01] => changed=false [0m
[0;36m  skip_reason: Conditional result was False[0m
[0;33mchanged: [redhat-test-02] => changed=true [0m
[0;33m  enabled: true[0m
[0;33m  name: NetworkManager[0m
[0;33m  state: started[0m
[0;33m  status:[0m
[0;33m    ActiveEnterTimestamp: Sat 2024-11-09 19:56:49 PST[0m
[0;33m    ActiveEnterTimestampMonotonic: '15798068741'[0m
[0;33m    ActiveExitTimestamp: Sat 2024-11-09 19:56:48 PST[0m
[0;33m    ActiveExitTimestampMonotonic: '15797759417'[0m
[0;33m    ActiveState: active[0m
[0;33m    After: network-pre.target dbus.service basic.target systemd-journald.socket system.slice[0m
[0;33m    AllowIsolate: 'no'[0m
[0;33m    AmbientCapabilities: '0'[0m
[0;33m    AssertResult: 'yes'[0m
[0;33m    AssertTimestamp: Sat 2024-11-09 19:56:49 PST[0m
[0;33m    AssertTimestampMonotonic: '15798006468'[0m
[0;33m    Before: shutdown.target multi-user.target NetworkManager-wait-online.service network.service network.target[0m
[0;33m    BlockIOAccounting: 'no'[0m
[0;33m    BlockIOWeight: '18446744073709551615'[0m
[0;33m    BusName: org.freedesktop.NetworkManager[0m
[0;33m    CPUAccounting: 'no'[0m
[0;33m    CPUQuotaPerSecUSec: infinity[0m
[0;33m    CPUSchedulingPolicy: '0'[0m
[0;33m    CPUSchedulingPriority: '0'[0m
[0;33m    CPUSchedulingResetOnFork: 'no'[0m
[0;33m    CPUShares: '18446744073709551615'[0m
[0;33m    CanIsolate: 'no'[0m
[0;33m    CanReload: 'yes'[0m
[0;33m    CanStart: 'yes'[0m
[0;33m    CanStop: 'yes'[0m
[0;33m    CapabilityBoundingSet: '539309282'[0m
[0;33m    ConditionResult: 'yes'[0m
[0;33m    ConditionTimestamp: Sat 2024-11-09 19:56:49 PST[0m
[0;33m    ConditionTimestampMonotonic: '15798006467'[0m
[0;33m    Conflicts: shutdown.target[0m
[0;33m    ControlGroup: /system.slice/NetworkManager.service[0m
[0;33m    ControlPID: '0'[0m
[0;33m    DefaultDependencies: 'yes'[0m
[0;33m    Delegate: 'no'[0m
[0;33m    Description: Network Manager[0m
[0;33m    DevicePolicy: auto[0m
[0;33m    Documentation: man:NetworkManager(8)[0m
[0;33m    ExecMainCode: '0'[0m
[0;33m    ExecMainExitTimestampMonotonic: '0'[0m
[0;33m    ExecMainPID: '9972'[0m
[0;33m    ExecMainStartTimestamp: Sat 2024-11-09 19:56:49 PST[0m
[0;33m    ExecMainStartTimestampMonotonic: '15798007927'[0m
[0;33m    ExecMainStatus: '0'[0m
[0;33m    ExecReload: '{ path=/usr/bin/dbus-send ; argv[]=/usr/bin/dbus-send --print-reply --system --type=method_call --dest=org.freedesktop.NetworkManager /org/freedesktop/NetworkManager org.freedesktop.NetworkManager.Reload uint32:0 ; ignore_errors=no ; start_time=[n/a] ; stop_time=[n/a] ; pid=0 ; code=(null) ; status=0/0 }'[0m
[0;33m    ExecStart: '{ path=/usr/sbin/NetworkManager ; argv[]=/usr/sbin/NetworkManager --no-daemon ; ignore_errors=no ; start_time=[Sat 2024-11-09 19:56:49 PST] ; stop_time=[n/a] ; pid=9972 ; code=(null) ; status=0/0 }'[0m
[0;33m    FailureAction: none[0m
[0;33m    FileDescriptorStoreMax: '0'[0m
[0;33m    FragmentPath: /usr/lib/systemd/system/NetworkManager.service[0m
[0;33m    GuessMainPID: 'yes'[0m
[0;33m    IOScheduling: '0'[0m
[0;33m    Id: NetworkManager.service[0m
[0;33m    IgnoreOnIsolate: 'no'[0m
[0;33m    IgnoreOnSnapshot: 'no'[0m
[0;33m    IgnoreSIGPIPE: 'yes'[0m
[0;33m    InactiveEnterTimestamp: Sat 2024-11-09 19:56:49 PST[0m
[0;33m    InactiveEnterTimestampMonotonic: '15798003946'[0m
[0;33m    InactiveExitTimestamp: Sat 2024-11-09 19:56:49 PST[0m
[0;33m    InactiveExitTimestampMonotonic: '15798008059'[0m
[0;33m    JobTimeoutAction: none[0m
[0;33m    JobTimeoutUSec: '0'[0m
[0;33m    KillMode: process[0m
[0;33m    KillSignal: '15'[0m
[0;33m    LimitAS: '18446744073709551615'[0m
[0;33m    LimitCORE: '18446744073709551615'[0m
[0;33m    LimitCPU: '18446744073709551615'[0m
[0;33m    LimitDATA: '18446744073709551615'[0m
[0;33m    LimitFSIZE: '18446744073709551615'[0m
[0;33m    LimitLOCKS: '18446744073709551615'[0m
[0;33m    LimitMEMLOCK: '65536'[0m
[0;33m    LimitMSGQUEUE: '819200'[0m
[0;33m    LimitNICE: '0'[0m
[0;33m    LimitNOFILE: '4096'[0m
[0;33m    LimitNPROC: '3805'[0m
[0;33m    LimitRSS: '18446744073709551615'[0m
[0;33m    LimitRTPRIO: '0'[0m
[0;33m    LimitRTTIME: '18446744073709551615'[0m
[0;33m    LimitSIGPENDING: '3805'[0m
[0;33m    LimitSTACK: '18446744073709551615'[0m
[0;33m    LoadState: loaded[0m
[0;33m    MainPID: '9972'[0m
[0;33m    MemoryAccounting: 'no'[0m
[0;33m    MemoryCurrent: '18446744073709551615'[0m
[0;33m    MemoryLimit: '18446744073709551615'[0m
[0;33m    MountFlags: '0'[0m
[0;33m    Names: NetworkManager.service[0m
[0;33m    NeedDaemonReload: 'no'[0m
[0;33m    Nice: '0'[0m
[0;33m    NoNewPrivileges: 'no'[0m
[0;33m    NonBlocking: 'no'[0m
[0;33m    NotifyAccess: none[0m
[0;33m    OOMScoreAdjust: '0'[0m
[0;33m    OnFailureJobMode: replace[0m
[0;33m    PermissionsStartOnly: 'no'[0m
[0;33m    PrivateDevices: 'no'[0m
[0;33m    PrivateNetwork: 'no'[0m
[0;33m    PrivateTmp: 'no'[0m
[0;33m    ProtectHome: read-only[0m
[0;33m    ProtectSystem: 'yes'[0m
[0;33m    RefuseManualStart: 'no'[0m
[0;33m    RefuseManualStop: 'no'[0m
[0;33m    RemainAfterExit: 'no'[0m
[0;33m    RequiredBy: NetworkManager-wait-online.service[0m
[0;33m    Requires: basic.target system.slice[0m
[0;33m    Restart: on-failure[0m
[0;33m    RestartUSec: 100ms[0m
[0;33m    Result: success[0m
[0;33m    RootDirectoryStartOnly: 'no'[0m
[0;33m    RuntimeDirectoryMode: '0755'[0m
[0;33m    SameProcessGroup: 'no'[0m
[0;33m    SecureBits: '0'[0m
[0;33m    SendSIGHUP: 'no'[0m
[0;33m    SendSIGKILL: 'yes'[0m
[0;33m    Slice: system.slice[0m
[0;33m    StandardError: inherit[0m
[0;33m    StandardInput: 'null'[0m
[0;33m    StandardOutput: journal[0m
[0;33m    StartLimitAction: none[0m
[0;33m    StartLimitBurst: '5'[0m
[0;33m    StartLimitInterval: '10000000'[0m
[0;33m    StartupBlockIOWeight: '18446744073709551615'[0m
[0;33m    StartupCPUShares: '18446744073709551615'[0m
[0;33m    StatusErrno: '0'[0m
[0;33m    StopWhenUnneeded: 'no'[0m
[0;33m    SubState: running[0m
[0;33m    SyslogLevelPrefix: 'yes'[0m
[0;33m    SyslogPriority: '30'[0m
[0;33m    SystemCallErrorNumber: '0'[0m
[0;33m    TTYReset: 'no'[0m
[0;33m    TTYVHangup: 'no'[0m
[0;33m    TTYVTDisallocate: 'no'[0m
[0;33m    TasksAccounting: 'no'[0m
[0;33m    TasksCurrent: '18446744073709551615'[0m
[0;33m    TasksMax: '18446744073709551615'[0m
[0;33m    TimeoutStartUSec: 1min 30s[0m
[0;33m    TimeoutStopUSec: 1min 30s[0m
[0;33m    TimerSlackNSec: '50000'[0m
[0;33m    Transient: 'no'[0m
[0;33m    Type: dbus[0m
[0;33m    UMask: '0022'[0m
[0;33m    UnitFilePreset: enabled[0m
[0;33m    UnitFileState: enabled[0m
[0;33m    WantedBy: multi-user.target[0m
[0;33m    Wants: network.target[0m
[0;33m    WatchdogTimestamp: Sat 2024-11-09 19:56:49 PST[0m
[0;33m    WatchdogTimestampMonotonic: '15798068593'[0m
[0;33m    WatchdogUSec: '0'[0m
[0;33mchanged: [redhat-test-01] => changed=true [0m
[0;33m  enabled: true[0m
[0;33m  name: NetworkManager[0m
[0;33m  state: started[0m
[0;33m  status:[0m
[0;33m    ActiveEnterTimestamp: Sat 2024-11-09 19:57:47 PST[0m
[0;33m    ActiveEnterTimestampMonotonic: '24894986571'[0m
[0;33m    ActiveExitTimestamp: Sat 2024-11-09 19:57:47 PST[0m
[0;33m    ActiveExitTimestampMonotonic: '24894657421'[0m
[0;33m    ActiveState: active[0m
[0;33m    After: basic.target systemd-journald.socket dbus.service system.slice network-pre.target[0m
[0;33m    AllowIsolate: 'no'[0m
[0;33m    AmbientCapabilities: '0'[0m
[0;33m    AssertResult: 'yes'[0m
[0;33m    AssertTimestamp: Sat 2024-11-09 19:57:47 PST[0m
[0;33m    AssertTimestampMonotonic: '24894900332'[0m
[0;33m    Before: shutdown.target network.service network.target NetworkManager-wait-online.service multi-user.target[0m
[0;33m    BlockIOAccounting: 'no'[0m
[0;33m    BlockIOWeight: '18446744073709551615'[0m
[0;33m    BusName: org.freedesktop.NetworkManager[0m
[0;33m    CPUAccounting: 'no'[0m
[0;33m    CPUQuotaPerSecUSec: infinity[0m
[0;33m    CPUSchedulingPolicy: '0'[0m
[0;33m    CPUSchedulingPriority: '0'[0m
[0;33m    CPUSchedulingResetOnFork: 'no'[0m
[0;33m    CPUShares: '18446744073709551615'[0m
[0;33m    CanIsolate: 'no'[0m
[0;33m    CanReload: 'yes'[0m
[0;33m    CanStart: 'yes'[0m
[0;33m    CanStop: 'yes'[0m
[0;33m    CapabilityBoundingSet: '539309282'[0m
[0;33m    ConditionResult: 'yes'[0m
[0;33m    ConditionTimestamp: Sat 2024-11-09 19:57:47 PST[0m
[0;33m    ConditionTimestampMonotonic: '24894900331'[0m
[0;33m    Conflicts: shutdown.target[0m
[0;33m    ControlGroup: /system.slice/NetworkManager.service[0m
[0;33m    ControlPID: '0'[0m
[0;33m    DefaultDependencies: 'yes'[0m
[0;33m    Delegate: 'no'[0m
[0;33m    Description: Network Manager[0m
[0;33m    DevicePolicy: auto[0m
[0;33m    Documentation: man:NetworkManager(8)[0m
[0;33m    ExecMainCode: '0'[0m
[0;33m    ExecMainExitTimestampMonotonic: '0'[0m
[0;33m    ExecMainPID: '12607'[0m
[0;33m    ExecMainStartTimestamp: Sat 2024-11-09 19:57:47 PST[0m
[0;33m    ExecMainStartTimestampMonotonic: '24894903032'[0m
[0;33m    ExecMainStatus: '0'[0m
[0;33m    ExecReload: '{ path=/usr/bin/dbus-send ; argv[]=/usr/bin/dbus-send --print-reply --system --type=method_call --dest=org.freedesktop.NetworkManager /org/freedesktop/NetworkManager org.freedesktop.NetworkManager.Reload uint32:0 ; ignore_errors=no ; start_time=[n/a] ; stop_time=[n/a] ; pid=0 ; code=(null) ; status=0/0 }'[0m
[0;33m    ExecStart: '{ path=/usr/sbin/NetworkManager ; argv[]=/usr/sbin/NetworkManager --no-daemon ; ignore_errors=no ; start_time=[Sat 2024-11-09 19:57:47 PST] ; stop_time=[n/a] ; pid=12607 ; code=(null) ; status=0/0 }'[0m
[0;33m    FailureAction: none[0m
[0;33m    FileDescriptorStoreMax: '0'[0m
[0;33m    FragmentPath: /usr/lib/systemd/system/NetworkManager.service[0m
[0;33m    GuessMainPID: 'yes'[0m
[0;33m    IOScheduling: '0'[0m
[0;33m    Id: NetworkManager.service[0m
[0;33m    IgnoreOnIsolate: 'no'[0m
[0;33m    IgnoreOnSnapshot: 'no'[0m
[0;33m    IgnoreSIGPIPE: 'yes'[0m
[0;33m    InactiveEnterTimestamp: Sat 2024-11-09 19:57:47 PST[0m
[0;33m    InactiveEnterTimestampMonotonic: '24894898236'[0m
[0;33m    InactiveExitTimestamp: Sat 2024-11-09 19:57:47 PST[0m
[0;33m    InactiveExitTimestampMonotonic: '24894903156'[0m
[0;33m    JobTimeoutAction: none[0m
[0;33m    JobTimeoutUSec: '0'[0m
[0;33m    KillMode: process[0m
[0;33m    KillSignal: '15'[0m
[0;33m    LimitAS: '18446744073709551615'[0m
[0;33m    LimitCORE: '18446744073709551615'[0m
[0;33m    LimitCPU: '18446744073709551615'[0m
[0;33m    LimitDATA: '18446744073709551615'[0m
[0;33m    LimitFSIZE: '18446744073709551615'[0m
[0;33m    LimitLOCKS: '18446744073709551615'[0m
[0;33m    LimitMEMLOCK: '65536'[0m
[0;33m    LimitMSGQUEUE: '819200'[0m
[0;33m    LimitNICE: '0'[0m
[0;33m    LimitNOFILE: '4096'[0m
[0;33m    LimitNPROC: '3805'[0m
[0;33m    LimitRSS: '18446744073709551615'[0m
[0;33m    LimitRTPRIO: '0'[0m
[0;33m    LimitRTTIME: '18446744073709551615'[0m
[0;33m    LimitSIGPENDING: '3805'[0m
[0;33m    LimitSTACK: '18446744073709551615'[0m
[0;33m    LoadState: loaded[0m
[0;33m    MainPID: '12607'[0m
[0;33m    MemoryAccounting: 'no'[0m
[0;33m    MemoryCurrent: '18446744073709551615'[0m
[0;33m    MemoryLimit: '18446744073709551615'[0m
[0;33m    MountFlags: '0'[0m
[0;33m    Names: NetworkManager.service[0m
[0;33m    NeedDaemonReload: 'no'[0m
[0;33m    Nice: '0'[0m
[0;33m    NoNewPrivileges: 'no'[0m
[0;33m    NonBlocking: 'no'[0m
[0;33m    NotifyAccess: none[0m
[0;33m    OOMScoreAdjust: '0'[0m
[0;33m    OnFailureJobMode: replace[0m
[0;33m    PermissionsStartOnly: 'no'[0m
[0;33m    PrivateDevices: 'no'[0m
[0;33m    PrivateNetwork: 'no'[0m
[0;33m    PrivateTmp: 'no'[0m
[0;33m    ProtectHome: read-only[0m
[0;33m    ProtectSystem: 'yes'[0m
[0;33m    RefuseManualStart: 'no'[0m
[0;33m    RefuseManualStop: 'no'[0m
[0;33m    RemainAfterExit: 'no'[0m
[0;33m    RequiredBy: NetworkManager-wait-online.service[0m
[0;33m    Requires: basic.target system.slice[0m
[0;33m    Restart: on-failure[0m
[0;33m    RestartUSec: 100ms[0m
[0;33m    Result: success[0m
[0;33m    RootDirectoryStartOnly: 'no'[0m
[0;33m    RuntimeDirectoryMode: '0755'[0m
[0;33m    SameProcessGroup: 'no'[0m
[0;33m    SecureBits: '0'[0m
[0;33m    SendSIGHUP: 'no'[0m
[0;33m    SendSIGKILL: 'yes'[0m
[0;33m    Slice: system.slice[0m
[0;33m    StandardError: inherit[0m
[0;33m    StandardInput: 'null'[0m
[0;33m    StandardOutput: journal[0m
[0;33m    StartLimitAction: none[0m
[0;33m    StartLimitBurst: '5'[0m
[0;33m    StartLimitInterval: '10000000'[0m
[0;33m    StartupBlockIOWeight: '18446744073709551615'[0m
[0;33m    StartupCPUShares: '18446744073709551615'[0m
[0;33m    StatusErrno: '0'[0m
[0;33m    StopWhenUnneeded: 'no'[0m
[0;33m    SubState: running[0m
[0;33m    SyslogLevelPrefix: 'yes'[0m
[0;33m    SyslogPriority: '30'[0m
[0;33m    SystemCallErrorNumber: '0'[0m
[0;33m    TTYReset: 'no'[0m
[0;33m    TTYVHangup: 'no'[0m
[0;33m    TTYVTDisallocate: 'no'[0m
[0;33m    TasksAccounting: 'no'[0m
[0;33m    TasksCurrent: '18446744073709551615'[0m
[0;33m    TasksMax: '18446744073709551615'[0m
[0;33m    TimeoutStartUSec: 1min 30s[0m
[0;33m    TimeoutStopUSec: 1min 30s[0m
[0;33m    TimerSlackNSec: '50000'[0m
[0;33m    Transient: 'no'[0m
[0;33m    Type: dbus[0m
[0;33m    UMask: '0022'[0m
[0;33m    UnitFilePreset: enabled[0m
[0;33m    UnitFileState: enabled[0m
[0;33m    WantedBy: multi-user.target[0m
[0;33m    Wants: network.target[0m
[0;33m    WatchdogTimestamp: Sat 2024-11-09 19:57:47 PST[0m
[0;33m    WatchdogTimestampMonotonic: '24894986299'[0m
[0;33m    WatchdogUSec: '0'[0m

PLAY RECAP *********************************************************************
[0;33mredhat-test-01[0m             : [0;32mok=7   [0m [0;33mchanged=4   [0m unreachable=0    failed=0    [0;36mskipped=3   [0m rescued=0    ignored=0   
[0;33mredhat-test-02[0m             : [0;32mok=7   [0m [0;33mchanged=4   [0m unreachable=0    failed=0    [0;36mskipped=3   [0m rescued=0    ignored=0   
[0;33mubuntu-test-01[0m             : [0;32mok=8   [0m [0;33mchanged=4   [0m unreachable=0    failed=0    [0;36mskipped=2   [0m rescued=0    [1;35mignored=1   [0m

Sunday 10 November 2024  04:14:19 +0800 (0:01:16.449)       0:03:18.657 ******* 
=============================================================================== 
Restart NetworkManager service ----------------------------------------- 76.45s
Create new /etc/resolv.conf -------------------------------------------- 26.59s
Backup existing /etc/resolv.conf --------------------------------------- 25.62s
Check if /etc/resolv.conf is a symlink --------------------------------- 18.26s
Check if /etc/NetworkManager/NetworkManager.conf exists ---------------- 14.83s
Check if NetworkManager service exists --------------------------------- 14.33s
Remove symlink if it exists -------------------------------------------- 13.45s
Add dns=none in NetworkManager.conf ------------------------------------- 7.99s
Print message if NetworkManager service does not exist ------------------ 0.36s
Print message if the file does not exist -------------------------------- 0.31s
Playbook run took 0 days, 0 hours, 3 minutes, 18 seconds
