Using /home/luisreyes/ansible-practice/ansible.cfg as config file

PLAY [Test Playbook] *************************************************************************************************************************************************************************

TASK [Print a message] ***********************************************************************************************************************************************************************
Saturday 09 November 2024  22:37:11 +0800 (0:00:00.028)       0:00:00.028 ***** 
ok: [localhost] => 
  msg: This is a test message.

TASK [Sleep for a bit] ***********************************************************************************************************************************************************************
Saturday 09 November 2024  22:37:11 +0800 (0:00:00.046)       0:00:00.074 ***** 
changed: [localhost] => changed=true 
  cmd:
  - sleep
  - '5'
  delta: '0:00:05.023153'
  end: '2024-11-09 22:37:17.313336'
  rc: 0
  start: '2024-11-09 22:37:12.290183'
  stderr: ''
  stderr_lines: <omitted>
  stdout: ''
  stdout_lines: <omitted>

PLAY RECAP ***********************************************************************************************************************************************************************************
localhost                  : ok=2    changed=1    unreachable=0    failed=0    skipped=0    rescued=0    ignored=0   

Saturday 09 November 2024  22:37:17 +0800 (0:00:05.925)       0:00:06.000 ***** 
=============================================================================== 
Sleep for a bit ----------------------------------------------------------------------------------------------------------------------------------------------------------------------- 5.93s
Print a message ----------------------------------------------------------------------------------------------------------------------------------------------------------------------- 0.05s
Playbook run took 0 days, 0 hours, 0 minutes, 5 seconds
