[0;34mUsing /home/luisreyes/ansible-practice/ansible.cfg as config file[0m

PLAY [Configure DNS, hostname and NTP] *****************************************

TASK [Check if /etc/resolv.conf is a symlink] **********************************
Sunday 10 November 2024  03:33:30 +0800 (0:00:00.160)       0:00:00.160 ******* 
[0;32mok: [redhat-test-02] => changed=false [0m
[0;32m  ansible_facts:[0m
[0;32m    discovered_interpreter_python: /usr/bin/python[0m
[0;32m  stat:[0m
[0;32m    atime: 1731209577.6896255[0m
[0;32m    attr_flags: ''[0m
[0;32m    attributes: [][0m
[0;32m    block_size: 4096[0m
[0;32m    blocks: 8[0m
[0;32m    charset: us-ascii[0m
[0;32m    checksum: 4669c89a1b84a4ba1af12483ba55fc6182d27a61[0m
[0;32m    ctime: 1731209555.695624[0m
[0;32m    dev: 2051[0m
[0;32m    device_type: 0[0m
[0;32m    executable: false[0m
[0;32m    exists: true[0m
[0;32m    gid: 0[0m
[0;32m    gr_name: root[0m
[0;32m    inode: 8389088[0m
[0;32m    isblk: false[0m
[0;32m    ischr: false[0m
[0;32m    isdir: false[0m
[0;32m    isfifo: false[0m
[0;32m    isgid: false[0m
[0;32m    islnk: false[0m
[0;32m    isreg: true[0m
[0;32m    issock: false[0m
[0;32m    isuid: false[0m
[0;32m    mimetype: text/plain[0m
[0;32m    mode: '0644'[0m
[0;32m    mtime: 1731209555.689624[0m
[0;32m    nlink: 1[0m
[0;32m    path: /etc/resolv.conf[0m
[0;32m    pw_name: root[0m
[0;32m    readable: true[0m
[0;32m    rgrp: true[0m
[0;32m    roth: true[0m
[0;32m    rusr: true[0m
[0;32m    size: 119[0m
[0;32m    uid: 0[0m
[0;32m    version: '453424095'[0m
[0;32m    wgrp: false[0m
[0;32m    woth: false[0m
[0;32m    writeable: true[0m
[0;32m    wusr: true[0m
[0;32m    xgrp: false[0m
[0;32m    xoth: false[0m
[0;32m    xusr: false[0m

TASK [Remove symlink if it exists] *********************************************
Sunday 10 November 2024  03:33:40 +0800 (0:00:09.597)       0:00:09.757 ******* 
[0;36mskipping: [redhat-test-02] => changed=false [0m
[0;36m  skip_reason: Conditional result was False[0m

TASK [Backup existing /etc/resolv.conf] ****************************************
Sunday 10 November 2024  03:33:40 +0800 (0:00:00.136)       0:00:09.894 ******* 
[0;33mchanged: [redhat-test-02] => changed=true [0m
[0;33m  checksum: 9f0d9560554c7bbae183542310170cdf1f96f8cf[0m
[0;33m  dest: /etc/resolv.conf.bak[0m
[0;33m  gid: 0[0m
[0;33m  group: root[0m
[0;33m  md5sum: cca55aa8967fe73935e895131f700fdb[0m
[0;33m  mode: '0644'[0m
[0;33m  owner: root[0m
[0;33m  secontext: system_u:object_r:net_conf_t:s0[0m
[0;33m  size: 263[0m
[0;33m  src: /home/testuser/.ansible/tmp/ansible-tmp-1731180821.9517016-427-4465275457338/source[0m
[0;33m  state: file[0m
[0;33m  uid: 0[0m

TASK [Create new /etc/resolv.conf] *********************************************
Sunday 10 November 2024  03:33:55 +0800 (0:00:14.574)       0:00:24.468 ******* 
[0;33mchanged: [redhat-test-02] => changed=true [0m
[0;33m  checksum: b0448bfd6d623b5aa2d92d02b291b1cee04faa54[0m
[0;33m  dest: /etc/resolv.conf[0m
[0;33m  gid: 0[0m
[0;33m  group: root[0m
[0;33m  md5sum: 16a41580d11b51c5f630194977d64f3b[0m
[0;33m  mode: '0644'[0m
[0;33m  owner: root[0m
[0;33m  secontext: system_u:object_r:net_conf_t:s0[0m
[0;33m  size: 106[0m
[0;33m  src: /home/testuser/.ansible/tmp/ansible-tmp-1731180836.426186-455-44082745963915/source[0m
[0;33m  state: file[0m
[0;33m  uid: 0[0m

TASK [Check if /etc/NetworkManager/NetworkManager.conf exists] *****************
Sunday 10 November 2024  03:34:08 +0800 (0:00:12.951)       0:00:37.420 ******* 
[0;32mok: [redhat-test-02] => changed=false [0m
[0;32m  stat:[0m
[0;32m    atime: 1731185856.4633067[0m
[0;32m    attr_flags: ''[0m
[0;32m    attributes: [][0m
[0;32m    block_size: 4096[0m
[0;32m    blocks: 8[0m
[0;32m    charset: us-ascii[0m
[0;32m    checksum: 1bc9bc0f3453ecadee88981899946d549d32a783[0m
[0;32m    ctime: 1731184696.3272307[0m
[0;32m    dev: 2051[0m
[0;32m    device_type: 0[0m
[0;32m    executable: false[0m
[0;32m    exists: true[0m
[0;32m    gid: 0[0m
[0;32m    gr_name: root[0m
[0;32m    inode: 25716291[0m
[0;32m    isblk: false[0m
[0;32m    ischr: false[0m
[0;32m    isdir: false[0m
[0;32m    isfifo: false[0m
[0;32m    isgid: false[0m
[0;32m    islnk: false[0m
[0;32m    isreg: true[0m
[0;32m    issock: false[0m
[0;32m    isuid: false[0m
[0;32m    mimetype: text/plain[0m
[0;32m    mode: '0644'[0m
[0;32m    mtime: 1731184696.3242307[0m
[0;32m    nlink: 1[0m
[0;32m    path: /etc/NetworkManager/NetworkManager.conf[0m
[0;32m    pw_name: root[0m
[0;32m    readable: true[0m
[0;32m    rgrp: true[0m
[0;32m    roth: true[0m
[0;32m    rusr: true[0m
[0;32m    size: 2144[0m
[0;32m    uid: 0[0m
[0;32m    version: '361809727'[0m
[0;32m    wgrp: false[0m
[0;32m    woth: false[0m
[0;32m    writeable: true[0m
[0;32m    wusr: true[0m
[0;32m    xgrp: false[0m
[0;32m    xoth: false[0m
[0;32m    xusr: false[0m

TASK [Print message if the file does not exist] ********************************
Sunday 10 November 2024  03:34:15 +0800 (0:00:07.361)       0:00:44.781 ******* 
[0;36mskipping: [redhat-test-02] => [0m

TASK [Add dns=none in NetworkManager.conf] *************************************
Sunday 10 November 2024  03:34:15 +0800 (0:00:00.281)       0:00:45.063 ******* 
[0;33mchanged: [redhat-test-02] => changed=true [0m
[0;33m  backup: ''[0m
[0;33m  msg: line added[0m

TASK [Restart NetworkManager service] ******************************************
Sunday 10 November 2024  03:34:24 +0800 (0:00:08.444)       0:00:53.508 ******* 
[0;33mchanged: [redhat-test-02] => changed=true [0m
[0;33m  enabled: true[0m
[0;33m  name: NetworkManager[0m
[0;33m  state: started[0m
[0;33m  status:[0m
[0;33m    ActiveEnterTimestamp: Sat 2024-11-09 19:32:35 PST[0m
[0;33m    ActiveEnterTimestampMonotonic: '14344078365'[0m
[0;33m    ActiveExitTimestamp: Sat 2024-11-09 19:32:34 PST[0m
[0;33m    ActiveExitTimestampMonotonic: '14343877109'[0m
[0;33m    ActiveState: active[0m
[0;33m    After: network-pre.target dbus.service basic.target systemd-journald.socket system.slice[0m
[0;33m    AllowIsolate: 'no'[0m
[0;33m    AmbientCapabilities: '0'[0m
[0;33m    AssertResult: 'yes'[0m
[0;33m    AssertTimestamp: Sat 2024-11-09 19:32:35 PST[0m
[0;33m    AssertTimestampMonotonic: '14343960641'[0m
[0;33m    Before: shutdown.target multi-user.target NetworkManager-wait-online.service network.service network.target[0m
[0;33m    BlockIOAccounting: 'no'[0m
[0;33m    BlockIOWeight: '18446744073709551615'[0m
[0;33m    BusName: org.freedesktop.NetworkManager[0m
[0;33m    CPUAccounting: 'no'[0m
[0;33m    CPUQuotaPerSecUSec: infinity[0m
[0;33m    CPUSchedulingPolicy: '0'[0m
[0;33m    CPUSchedulingPriority: '0'[0m
[0;33m    CPUSchedulingResetOnFork: 'no'[0m
[0;33m    CPUShares: '18446744073709551615'[0m
[0;33m    CanIsolate: 'no'[0m
[0;33m    CanReload: 'yes'[0m
[0;33m    CanStart: 'yes'[0m
[0;33m    CanStop: 'yes'[0m
[0;33m    CapabilityBoundingSet: '539309282'[0m
[0;33m    ConditionResult: 'yes'[0m
[0;33m    ConditionTimestamp: Sat 2024-11-09 19:32:35 PST[0m
[0;33m    ConditionTimestampMonotonic: '14343960640'[0m
[0;33m    Conflicts: shutdown.target[0m
[0;33m    ControlGroup: /system.slice/NetworkManager.service[0m
[0;33m    ControlPID: '0'[0m
[0;33m    DefaultDependencies: 'yes'[0m
[0;33m    Delegate: 'no'[0m
[0;33m    Description: Network Manager[0m
[0;33m    DevicePolicy: auto[0m
[0;33m    Documentation: man:NetworkManager(8)[0m
[0;33m    ExecMainCode: '0'[0m
[0;33m    ExecMainExitTimestampMonotonic: '0'[0m
[0;33m    ExecMainPID: '4250'[0m
[0;33m    ExecMainStartTimestamp: Sat 2024-11-09 19:32:35 PST[0m
[0;33m    ExecMainStartTimestampMonotonic: '14343961999'[0m
[0;33m    ExecMainStatus: '0'[0m
[0;33m    ExecReload: '{ path=/usr/bin/dbus-send ; argv[]=/usr/bin/dbus-send --print-reply --system --type=method_call --dest=org.freedesktop.NetworkManager /org/freedesktop/NetworkManager org.freedesktop.NetworkManager.Reload uint32:0 ; ignore_errors=no ; start_time=[n/a] ; stop_time=[n/a] ; pid=0 ; code=(null) ; status=0/0 }'[0m
[0;33m    ExecStart: '{ path=/usr/sbin/NetworkManager ; argv[]=/usr/sbin/NetworkManager --no-daemon ; ignore_errors=no ; start_time=[Sat 2024-11-09 19:32:35 PST] ; stop_time=[n/a] ; pid=4250 ; code=(null) ; status=0/0 }'[0m
[0;33m    FailureAction: none[0m
[0;33m    FileDescriptorStoreMax: '0'[0m
[0;33m    FragmentPath: /usr/lib/systemd/system/NetworkManager.service[0m
[0;33m    GuessMainPID: 'yes'[0m
[0;33m    IOScheduling: '0'[0m
[0;33m    Id: NetworkManager.service[0m
[0;33m    IgnoreOnIsolate: 'no'[0m
[0;33m    IgnoreOnSnapshot: 'no'[0m
[0;33m    IgnoreSIGPIPE: 'yes'[0m
[0;33m    InactiveEnterTimestamp: Sat 2024-11-09 19:32:34 PST[0m
[0;33m    InactiveEnterTimestampMonotonic: '14343929080'[0m
[0;33m    InactiveExitTimestamp: Sat 2024-11-09 19:32:35 PST[0m
[0;33m    InactiveExitTimestampMonotonic: '14343962119'[0m
[0;33m    JobTimeoutAction: none[0m
[0;33m    JobTimeoutUSec: '0'[0m
[0;33m    KillMode: process[0m
[0;33m    KillSignal: '15'[0m
[0;33m    LimitAS: '18446744073709551615'[0m
[0;33m    LimitCORE: '18446744073709551615'[0m
[0;33m    LimitCPU: '18446744073709551615'[0m
[0;33m    LimitDATA: '18446744073709551615'[0m
[0;33m    LimitFSIZE: '18446744073709551615'[0m
[0;33m    LimitLOCKS: '18446744073709551615'[0m
[0;33m    LimitMEMLOCK: '65536'[0m
[0;33m    LimitMSGQUEUE: '819200'[0m
[0;33m    LimitNICE: '0'[0m
[0;33m    LimitNOFILE: '4096'[0m
[0;33m    LimitNPROC: '3805'[0m
[0;33m    LimitRSS: '18446744073709551615'[0m
[0;33m    LimitRTPRIO: '0'[0m
[0;33m    LimitRTTIME: '18446744073709551615'[0m
[0;33m    LimitSIGPENDING: '3805'[0m
[0;33m    LimitSTACK: '18446744073709551615'[0m
[0;33m    LoadState: loaded[0m
[0;33m    MainPID: '4250'[0m
[0;33m    MemoryAccounting: 'no'[0m
[0;33m    MemoryCurrent: '18446744073709551615'[0m
[0;33m    MemoryLimit: '18446744073709551615'[0m
[0;33m    MountFlags: '0'[0m
[0;33m    Names: NetworkManager.service[0m
[0;33m    NeedDaemonReload: 'no'[0m
[0;33m    Nice: '0'[0m
[0;33m    NoNewPrivileges: 'no'[0m
[0;33m    NonBlocking: 'no'[0m
[0;33m    NotifyAccess: none[0m
[0;33m    OOMScoreAdjust: '0'[0m
[0;33m    OnFailureJobMode: replace[0m
[0;33m    PermissionsStartOnly: 'no'[0m
[0;33m    PrivateDevices: 'no'[0m
[0;33m    PrivateNetwork: 'no'[0m
[0;33m    PrivateTmp: 'no'[0m
[0;33m    ProtectHome: read-only[0m
[0;33m    ProtectSystem: 'yes'[0m
[0;33m    RefuseManualStart: 'no'[0m
[0;33m    RefuseManualStop: 'no'[0m
[0;33m    RemainAfterExit: 'no'[0m
[0;33m    RequiredBy: NetworkManager-wait-online.service[0m
[0;33m    Requires: basic.target system.slice[0m
[0;33m    Restart: on-failure[0m
[0;33m    RestartUSec: 100ms[0m
[0;33m    Result: success[0m
[0;33m    RootDirectoryStartOnly: 'no'[0m
[0;33m    RuntimeDirectoryMode: '0755'[0m
[0;33m    SameProcessGroup: 'no'[0m
[0;33m    SecureBits: '0'[0m
[0;33m    SendSIGHUP: 'no'[0m
[0;33m    SendSIGKILL: 'yes'[0m
[0;33m    Slice: system.slice[0m
[0;33m    StandardError: inherit[0m
[0;33m    StandardInput: 'null'[0m
[0;33m    StandardOutput: journal[0m
[0;33m    StartLimitAction: none[0m
[0;33m    StartLimitBurst: '5'[0m
[0;33m    StartLimitInterval: '10000000'[0m
[0;33m    StartupBlockIOWeight: '18446744073709551615'[0m
[0;33m    StartupCPUShares: '18446744073709551615'[0m
[0;33m    StatusErrno: '0'[0m
[0;33m    StopWhenUnneeded: 'no'[0m
[0;33m    SubState: running[0m
[0;33m    SyslogLevelPrefix: 'yes'[0m
[0;33m    SyslogPriority: '30'[0m
[0;33m    SystemCallErrorNumber: '0'[0m
[0;33m    TTYReset: 'no'[0m
[0;33m    TTYVHangup: 'no'[0m
[0;33m    TTYVTDisallocate: 'no'[0m
[0;33m    TasksAccounting: 'no'[0m
[0;33m    TasksCurrent: '18446744073709551615'[0m
[0;33m    TasksMax: '18446744073709551615'[0m
[0;33m    TimeoutStartUSec: 1min 30s[0m
[0;33m    TimeoutStopUSec: 1min 30s[0m
[0;33m    TimerSlackNSec: '50000'[0m
[0;33m    Transient: 'no'[0m
[0;33m    Type: dbus[0m
[0;33m    UMask: '0022'[0m
[0;33m    UnitFilePreset: enabled[0m
[0;33m    UnitFileState: enabled[0m
[0;33m    WantedBy: multi-user.target[0m
[0;33m    Wants: network.target[0m
[0;33m    WatchdogTimestamp: Sat 2024-11-09 19:32:35 PST[0m
[0;33m    WatchdogTimestampMonotonic: '14344077389'[0m
[0;33m    WatchdogUSec: '0'[0m

TASK [Print message if NetworkManager service does not exist] ******************
Sunday 10 November 2024  03:34:42 +0800 (0:00:18.581)       0:01:12.089 ******* 
[0;36mskipping: [redhat-test-02] => [0m

PLAY RECAP *********************************************************************
[0;33mredhat-test-02[0m             : [0;32mok=6   [0m [0;33mchanged=4   [0m unreachable=0    failed=0    [0;36mskipped=3   [0m rescued=0    ignored=0   

Sunday 10 November 2024  03:34:43 +0800 (0:00:00.313)       0:01:12.403 ******* 
=============================================================================== 
Restart NetworkManager service ----------------------------------------- 18.58s
Backup existing /etc/resolv.conf --------------------------------------- 14.57s
Create new /etc/resolv.conf -------------------------------------------- 12.95s
Check if /etc/resolv.conf is a symlink ---------------------------------- 9.60s
Add dns=none in NetworkManager.conf ------------------------------------- 8.44s
Check if /etc/NetworkManager/NetworkManager.conf exists ----------------- 7.36s
Print message if NetworkManager service does not exist ------------------ 0.31s
Print message if the file does not exist -------------------------------- 0.28s
Remove symlink if it exists --------------------------------------------- 0.14s
Playbook run took 0 days, 0 hours, 1 minutes, 12 seconds
