[0;34mUsing /home/luisreyes/ansible-practice/ansible.cfg as config file[0m
[0;34m[0m
PLAY [Test Playbook] *************************************************************************************************************************************************************************

TASK [Print a message] ***********************************************************************************************************************************************************************
Saturday 09 November 2024  22:34:02 +0800 (0:00:00.027)       0:00:00.027 ***** 
[0;32mok: [localhost] => [0m
[0;32m  msg: This is a test message.[0m
[0;32m[0m
TASK [Sleep for a bit] ***********************************************************************************************************************************************************************
Saturday 09 November 2024  22:34:02 +0800 (0:00:00.048)       0:00:00.075 ***** 
[0;33mchanged: [localhost] => changed=true [0m
[0;33m  cmd:[0m
[0;33m  - sleep[0m
[0;33m  - '5'[0m
[0;33m  delta: '0:00:05.023498'[0m
[0;33m  end: '2024-11-09 22:34:08.002003'[0m
[0;33m  rc: 0[0m
[0;33m  start: '2024-11-09 22:34:02.978505'[0m
[0;33m  stderr: ''[0m
[0;33m  stderr_lines: <omitted>[0m
[0;33m  stdout: ''[0m
[0;33m  stdout_lines: <omitted>[0m
[0;33m[0m
PLAY RECAP ***********************************************************************************************************************************************************************************
[0;33mlocalhost[0m                  : [0;32mok=2   [0m [0;33mchanged=1   [0m unreachable=0    failed=0    skipped=0    rescued=0    ignored=0   

Saturday 09 November 2024  22:34:08 +0800 (0:00:05.993)       0:00:06.068 ***** 
=============================================================================== 
Sleep for a bit ----------------------------------------------------------------------------------------------------------------------------------------------------------------------- 5.99s
Print a message ----------------------------------------------------------------------------------------------------------------------------------------------------------------------- 0.05s
Playbook run took 0 days, 0 hours, 0 minutes, 6 seconds
